

*******************************************************************************
Thu Mar 28 10:10:56 2019


FIT:    data read from 'foo'
        format = z
        #datapoints = 8
        residuals are weighted equally (unit weight)

function used for fitting: g(x)
	g(x)=a+b*x
BREAK: Need via and either parameter list or file

*******************************************************************************
Thu Mar 28 10:11:04 2019


FIT:    data read from 'foo'
        format = z
        #datapoints = 8
        residuals are weighted equally (unit weight)

function used for fitting: g(x)
	g(x)=a+b*x
fitted parameters initialized with current variable values

iter      chisq       delta/lim  lambda   a             b            
   0 1.2540000000e+03   0.00e+00  3.42e+01    1.000000e+00   1.000000e+00
   5 3.4291176471e+00  -4.51e-05  3.42e-04    6.014706e-01   7.494118e-01

After 5 iterations the fit converged.
final sum of squares of residuals : 3.42912
rel. change during last iteration : -4.50993e-10

degrees of freedom    (FIT_NDF)                        : 6
rms of residuals      (FIT_STDFIT) = sqrt(WSSR/ndf)    : 0.755989
variance of residuals (reduced chisquare) = WSSR/ndf   : 0.57152

Final set of parameters            Asymptotic Standard Error
=======================            ==========================
a               = 0.601471         +/- 0.7248       (120.5%)
b               = 0.749412         +/- 0.01497      (1.998%)

correlation matrix of the fit parameters:
                a      b      
a               1.000 
b              -0.930  1.000 
